<?xml version="1.0" encoding="UTF-8"?>
<testsuite xmlns:xsi="http://www.w3.org/2001/XMLSchema-instance" xsi:noNamespaceSchemaLocation="https://maven.apache.org/surefire/maven-surefire-plugin/xsd/surefire-test-report.xsd" version="3.0.2" name="calculator.CucumberTest" time="9.015" tests="30" errors="0" skipped="0" failures="0" flakes="0">
  <properties>
[...]
</properties>
  <testcase name="Integer Arithmetic Expressions - Adding two integer numbers" classname="CucumberTest" time="3.351">
    <system-out><![CDATA[
  .   ____          _            __ _ _
 /\\ / ___'_ __ _ _(_)_ __  __ _ \ \ \ \
( ( )\___ | '_ | '_| | '_ \/ _` | \ \ \ \
 \\/  ___)| |_)| | | | | || (_| |  ) ) ) )
  '  |____| .__|_| |_|_| |_\__, | / / / /
 =========|_|==============|___/=/_/_/_/

 :: Spring Boot ::                (v3.4.3)

2026-03-24T13:26:26.743+01:00  INFO 38198 --- [           main] c.CucumberSpringConfiguration            : Starting CucumberSpringConfiguration using Java 25.0.2 with PID 38198 (started by yvanho in /home/yvanho/Documents/calculator-2026-group5)
2026-03-24T13:26:26.754+01:00  INFO 38198 --- [           main] c.CucumberSpringConfiguration            : No active profile set, falling back to 1 default profile: "default"
2026-03-24T13:26:28.068+01:00  INFO 38198 --- [           main] o.s.b.w.e.t.TomcatWebServer              : Tomcat initialized with port 8080 (http)
2026-03-24T13:26:28.097+01:00  INFO 38198 --- [           main] o.a.c.c.StandardService                  : Starting service [Tomcat]
2026-03-24T13:26:28.098+01:00  INFO 38198 --- [           main] o.a.c.c.StandardEngine                   : Starting Servlet engine: [Apache Tomcat/10.1.36]
2026-03-24T13:26:28.161+01:00  INFO 38198 --- [           main] o.a.c.c.C.[.[.[/]                        : Initializing Spring embedded WebApplicationContext
2026-03-24T13:26:28.162+01:00  INFO 38198 --- [           main] w.s.c.ServletWebServerApplicationContext : Root WebApplicationContext: initialization completed in 1137 ms
2026-03-24T13:26:28.271+01:00  INFO 38198 --- [           main] o.s.b.a.w.s.WelcomePageHandlerMapping    : Adding welcome page: class path resource [static/index.html]
2026-03-24T13:26:28.604+01:00  INFO 38198 --- [           main] o.s.b.w.e.t.TomcatWebServer              : Tomcat started on port 8080 (http) with context path '/'
2026-03-24T13:26:28.610+01:00  INFO 38198 --- [           main] c.CucumberSpringConfiguration            : Started CucumberSpringConfiguration in 2.176 seconds (process running for 5.483)
]]></system-out>
    <system-err><![CDATA[Mockito is currently self-attaching to enable the inline-mock-maker. This will no longer work in future releases of the JDK. Please add Mockito as an agent to your build what is described in Mockito's documentation: https://javadoc.io/doc/org.mockito/mockito-core/latest/org/mockito/Mockito.html#0.3
WARNING: A Java agent has been loaded dynamically (/home/yvanho/.m2/repository/net/bytebuddy/byte-buddy-agent/1.15.11/byte-buddy-agent-1.15.11.jar)
WARNING: If a serviceability tool is in use, please run with -XX:+EnableDynamicAgentLoading to hide this warning
WARNING: If a serviceability tool is not in use, please run with -Djdk.instrument.traceUsage for more information
WARNING: Dynamic loading of agents will be disallowed by default in a future release
]]></system-err>
  </testcase>
  <testcase name="Integer Arithmetic Expressions - Subtracting two integer numbers" classname="CucumberTest" time="0.026"/>
  <testcase name="Integer Arithmetic Expressions - Multiplying two integer numbers" classname="CucumberTest" time="0.02"/>
  <testcase name="Integer Arithmetic Expressions - Dividing two integer numbers" classname="CucumberTest" time="0.019"/>
  <testcase name="Integer Arithmetic Expressions - Printing the sum of two integer numbers" classname="CucumberTest" time="0.021"/>
  <testcase name="Integer Arithmetic Expressions - Evaluation arithmetic operations over a list of integer numbers" classname="CucumberTest" time="0.023">
    <system-out><![CDATA[value =8
value =2
value =2
]]></system-out>
  </testcase>
  <testcase name="Integer Arithmetic Expressions - Adding two integer numbers - Examples - Example #1.1" classname="CucumberTest" time="0.018"/>
  <testcase name="Integer Arithmetic Expressions - Adding two integer numbers - Examples - Example #1.2" classname="CucumberTest" time="0.017"/>
  <testcase name="Integer Arithmetic Expressions - Dividing two integer numbers - Examples - Example #1.1" classname="CucumberTest" time="0.017"/>
  <testcase name="Integer Arithmetic Expressions - Dividing two integer numbers - Examples - Example #1.2" classname="CucumberTest" time="0.015"/>
  <testcase name="Integer Arithmetic Expressions - Dividing two integer numbers - Examples - Example #1.3" classname="CucumberTest" time="0.018"/>
  <testcase name="Integer Arithmetic Expressions - Evaluating arithmetic operations with two integer parameters - Examples - Example #1.1" classname="CucumberTest" time="0.014"/>
  <testcase name="Integer Arithmetic Expressions - Evaluating arithmetic operations with two integer parameters - Examples - Example #1.2" classname="CucumberTest" time="0.011"/>
  <testcase name="Integer Arithmetic Expressions - Evaluating arithmetic operations with two integer parameters - Examples - Example #1.3" classname="CucumberTest" time="0.01"/>
  <testcase name="Integer Arithmetic Expressions - Evaluating arithmetic operations with two integer parameters - Examples - Example #1.4" classname="CucumberTest" time="0.012"/>
  <testcase name="Integer Arithmetic Expressions - Evaluating a simple Expression" classname="CucumberTest" time="0.007"/>
  <testcase name="Integer Arithmetic Expressions - Evaluating a subtraction expression" classname="CucumberTest" time="0.008"/>
  <testcase name="Integer Arithmetic Expressions - Evaluating a multiplication expression" classname="CucumberTest" time="0.007"/>
  <testcase name="Integer Arithmetic Expressions - Evaluating a division expression" classname="CucumberTest" time="0.007"/>
  <testcase name="Integer Arithmetic Expressions - Evaluating an expression with parentheses" classname="CucumberTest" time="0.008"/>
  <testcase name="Calculator REST API - Evaluating a simple addition via REST API" classname="CucumberTest" time="1.593">
    <system-out><![CDATA[2026-03-24T13:26:30.724+01:00  INFO 38198 --- [nio-8080-exec-1] o.a.c.c.C.[.[.[/]                        : Initializing Spring DispatcherServlet 'dispatcherServlet'
2026-03-24T13:26:30.724+01:00  INFO 38198 --- [nio-8080-exec-1] o.s.w.s.DispatcherServlet                : Initializing Servlet 'dispatcherServlet'
2026-03-24T13:26:30.726+01:00  INFO 38198 --- [nio-8080-exec-1] o.s.w.s.DispatcherServlet                : Completed initialization in 0 ms
]]></system-out>
  </testcase>
  <testcase name="Calculator REST API - Evaluating a subtraction via REST API" classname="CucumberTest" time="0.035"/>
  <testcase name="Calculator REST API - Evaluating a multiplication via REST API" classname="CucumberTest" time="0.031"/>
  <testcase name="Calculator REST API - Evaluating a division via REST API" classname="CucumberTest" time="0.025"/>
  <testcase name="Calculator REST API - Division by zero via REST API" classname="CucumberTest" time="0.027"/>
  <testcase name="Calculator REST API - Invalid expression via REST API" classname="CucumberTest" time="0.031"/>
  <testcase name="Calculator REST API - Evaluating arithmetic operations via REST API - Examples - Example #1.1" classname="CucumberTest" time="0.024"/>
  <testcase name="Calculator REST API - Evaluating arithmetic operations via REST API - Examples - Example #1.2" classname="CucumberTest" time="0.029"/>
  <testcase name="Calculator REST API - Evaluating arithmetic operations via REST API - Examples - Example #1.3" classname="CucumberTest" time="0.029"/>
  <testcase name="Calculator REST API - Evaluating arithmetic operations via REST API - Examples - Example #1.4" classname="CucumberTest" time="0.027"/>
</testsuite>