<?xml version="1.0" encoding="UTF-8"?>
<testsuite xmlns:xsi="http://www.w3.org/2001/XMLSchema-instance" xsi:noNamespaceSchemaLocation="https://maven.apache.org/surefire/maven-surefire-plugin/xsd/surefire-test-report.xsd" version="3.0.2" name="calculator.CucumberTest" time="6.798" tests="25" errors="0" skipped="0" failures="0" flakes="0">
  <properties>
[...]
</properties>
  <testcase name="Integer Arithmetic Expressions - Adding two integer numbers" classname="CucumberTest" time="0.125"/>
  <testcase name="Integer Arithmetic Expressions - Subtracting two integer numbers" classname="CucumberTest" time="0.01"/>
  <testcase name="Integer Arithmetic Expressions - Multiplying two integer numbers" classname="CucumberTest" time="0.021"/>
  <testcase name="Integer Arithmetic Expressions - Dividing two integer numbers" classname="CucumberTest" time="0.01"/>
  <testcase name="Integer Arithmetic Expressions - Printing the sum of two integer numbers" classname="CucumberTest" time="0.017"/>
  <testcase name="Integer Arithmetic Expressions - Evaluation arithmetic operations over a list of integer numbers" classname="CucumberTest" time="0.016">
    <system-out><![CDATA[value =8
value =2
value =2
]]></system-out>
  </testcase>
  <testcase name="Integer Arithmetic Expressions - Adding two integer numbers - Examples - Example #1.1" classname="CucumberTest" time="0.01"/>
  <testcase name="Integer Arithmetic Expressions - Adding two integer numbers - Examples - Example #1.2" classname="CucumberTest" time="0.01"/>
  <testcase name="Integer Arithmetic Expressions - Dividing two integer numbers - Examples - Example #1.1" classname="CucumberTest" time="0.007"/>
  <testcase name="Integer Arithmetic Expressions - Dividing two integer numbers - Examples - Example #1.2" classname="CucumberTest" time="0.011"/>
  <testcase name="Integer Arithmetic Expressions - Dividing two integer numbers - Examples - Example #1.3" classname="CucumberTest" time="0.01"/>
  <testcase name="Integer Arithmetic Expressions - Evaluating arithmetic operations with two integer parameters - Examples - Example #1.1" classname="CucumberTest" time="0.007"/>
  <testcase name="Integer Arithmetic Expressions - Evaluating arithmetic operations with two integer parameters - Examples - Example #1.2" classname="CucumberTest" time="0.007"/>
  <testcase name="Integer Arithmetic Expressions - Evaluating arithmetic operations with two integer parameters - Examples - Example #1.3" classname="CucumberTest" time="0.006"/>
  <testcase name="Integer Arithmetic Expressions - Evaluating arithmetic operations with two integer parameters - Examples - Example #1.4" classname="CucumberTest" time="0.006"/>
  <testcase name="Calculator REST API - Evaluating a simple addition via REST API" classname="CucumberTest" time="3.506"/>
  <testcase name="Calculator REST API - Evaluating a subtraction via REST API" classname="CucumberTest" time="0.038"/>
  <testcase name="Calculator REST API - Evaluating a multiplication via REST API" classname="CucumberTest" time="0.034"/>
  <testcase name="Calculator REST API - Evaluating a division via REST API" classname="CucumberTest" time="0.037"/>
  <testcase name="Calculator REST API - Division by zero via REST API" classname="CucumberTest" time="0.043"/>
  <testcase name="Calculator REST API - Invalid expression via REST API" classname="CucumberTest" time="0.044"/>
  <testcase name="Calculator REST API - Evaluating arithmetic operations via REST API - Examples - Example #1.1" classname="CucumberTest" time="0.068"/>
  <testcase name="Calculator REST API - Evaluating arithmetic operations via REST API - Examples - Example #1.2" classname="CucumberTest" time="0.034"/>
  <testcase name="Calculator REST API - Evaluating arithmetic operations via REST API - Examples - Example #1.3" classname="CucumberTest" time="0.029"/>
  <testcase name="Calculator REST API - Evaluating arithmetic operations via REST API - Examples - Example #1.4" classname="CucumberTest" time="0.034"/>
</testsuite>