<?xml version="1.0" encoding="UTF-8"?>
<testsuite xmlns:xsi="http://www.w3.org/2001/XMLSchema-instance" xsi:noNamespaceSchemaLocation="https://maven.apache.org/surefire/maven-surefire-plugin/xsd/surefire-test-report.xsd" version="3.0.2" name="calculator.TestEvaluator" time="0.021" tests="5" errors="0" skipped="0" failures="0" flakes="0">
  <properties>
[...]
</properties>
  <testcase name="testEvaluatorMyNumber" classname="calculator.TestEvaluator" time="0.004"/>
  <testcase name="testEvaluateOperations(String)[1]" classname="calculator.TestEvaluator" time="0.003"/>
  <testcase name="testEvaluateOperations(String)[2]" classname="calculator.TestEvaluator" time="0.001"/>
  <testcase name="testEvaluateOperations(String)[3]" classname="calculator.TestEvaluator" time="0.003"/>
  <testcase name="testEvaluateOperations(String)[4]" classname="calculator.TestEvaluator" time="0.001"/>
</testsuite>